<?xml version="1.0" encoding="UTF-8"?>
<!-- Generated by org.testng.reporters.JUnitReportReporter -->
<testsuite hostname="DESKTOP-RGRUOBH" failures="0" tests="7" name="com.Testing.FlipkartTestChrome" time="34.598" errors="0" timestamp="2022-10-11T23:48:16 IST" skipped="0">
  <testcase classname="com.Testing.FlipkartTestChrome" name="closeLogin" time="1.222"/>
  <system-out/>
  <testcase classname="com.Testing.FlipkartTestChrome" name="scroll" time="6.106"/>
  <system-out/>
  <testcase classname="com.Testing.FlipkartTestChrome" name="searchProduct" time="5.478"/>
  <system-out/>
  <testcase classname="com.Testing.FlipkartTestChrome" name="loadImage" time="11.953"/>
  <system-out/>
  <testcase classname="com.Testing.FlipkartTestChrome" name="scrollFrequency" time="2.079"/>
  <system-out/>
  <testcase classname="com.Testing.FlipkartTestChrome" name="downloadImages" time="0.029"/>
  <system-out/>
  <testcase classname="com.Testing.FlipkartTestChrome" name="screenResolution" time="7.731"/>
  <system-out/>
</testsuite> <!-- com.Testing.FlipkartTestChrome -->
